2017-04-06 22:49:32,493 [Worker-1] INFO  c.g.t.t.d.PublishedGradleVersions - Gradle version information cache is up-to-date. Trying to read.
2017-04-06 22:53:03,468 [Worker-19] INFO  o.e.m.c.i.l.LifecycleMappingFactory - Using org.eclipse.m2e.jdt.JarLifecycleMapping lifecycle mapping for MavenProject: com.dls.coaching.build:dls.coaching.build:0.0.1-SNAPSHOT @ E:\master\series\dls.coaching.build\pom.xml.
2017-04-06 22:53:11,442 [Worker-19] INFO  o.e.m.j.i.AbstractJavaProjectConfigurator - Adding source folder /dls.coaching.build/src/main/java
2017-04-06 22:53:11,446 [Worker-19] INFO  o.e.m.j.i.AbstractJavaProjectConfigurator - Adding resource folder /dls.coaching.build/src/main/resources
2017-04-06 22:53:11,449 [Worker-19] INFO  o.e.m.j.i.AbstractJavaProjectConfigurator - Adding source folder /dls.coaching.build/src/test/java
2017-04-06 22:53:11,449 [Worker-19] INFO  o.e.m.j.i.AbstractJavaProjectConfigurator - Adding resource folder /dls.coaching.build/src/test/resources
2017-04-06 22:53:18,432 [Worker-12] WARN  o.e.m.c.i.embedder.EclipseLogger - Using platform encoding (Cp1252 actually) to copy filtered resources, i.e. build is platform dependent!
2017-04-06 22:53:18,482 [Worker-12] INFO  o.e.m.c.i.embedder.EclipseLogger - Copying 0 resource
2017-04-06 22:53:18,489 [Worker-12] WARN  o.e.m.c.i.embedder.EclipseLogger - Using platform encoding (Cp1252 actually) to copy filtered resources, i.e. build is platform dependent!
2017-04-06 22:53:18,513 [Worker-12] INFO  o.e.m.c.i.embedder.EclipseLogger - Copying 0 resource
2017-04-06 22:54:15,726 [Worker-20] INFO  o.e.m.c.i.l.LifecycleMappingFactory - Using org.eclipse.m2e.jdt.JarLifecycleMapping lifecycle mapping for MavenProject: com.dls.coaching.web:dls.coaching.web:0.0.1-SNAPSHOT @ E:\master\series\dls.coaching.web\pom.xml.
2017-04-06 22:54:16,184 [Worker-20] INFO  o.e.m.j.i.AbstractJavaProjectConfigurator - Adding source folder /dls.coaching.web/src/main/java
2017-04-06 22:54:16,185 [Worker-20] INFO  o.e.m.j.i.AbstractJavaProjectConfigurator - Adding resource folder /dls.coaching.web/src/main/resources
2017-04-06 22:54:16,186 [Worker-20] INFO  o.e.m.j.i.AbstractJavaProjectConfigurator - Adding source folder /dls.coaching.web/src/test/java
2017-04-06 22:54:16,186 [Worker-20] INFO  o.e.m.j.i.AbstractJavaProjectConfigurator - Adding resource folder /dls.coaching.web/src/test/resources
2017-04-06 22:54:17,063 [Worker-12] WARN  o.e.m.c.i.embedder.EclipseLogger - Using platform encoding (Cp1252 actually) to copy filtered resources, i.e. build is platform dependent!
2017-04-06 22:54:17,095 [Worker-12] INFO  o.e.m.c.i.embedder.EclipseLogger - Copying 0 resource
2017-04-06 22:54:17,099 [Worker-12] WARN  o.e.m.c.i.embedder.EclipseLogger - Using platform encoding (Cp1252 actually) to copy filtered resources, i.e. build is platform dependent!
2017-04-06 22:54:17,114 [Worker-12] INFO  o.e.m.c.i.embedder.EclipseLogger - Copying 0 resource
2017-04-06 22:54:59,135 [Worker-17] INFO  o.e.m.c.i.l.LifecycleMappingFactory - Using org.eclipse.m2e.jdt.JarLifecycleMapping lifecycle mapping for MavenProject: com.dls.coaching.aop:dls.coaching.aop:0.0.1-SNAPSHOT @ E:\master\series\dls.coaching.aop\pom.xml.
2017-04-06 22:54:59,449 [Worker-17] INFO  o.e.m.j.i.AbstractJavaProjectConfigurator - Adding source folder /dls.coaching.aop/src/main/java
2017-04-06 22:54:59,450 [Worker-17] INFO  o.e.m.j.i.AbstractJavaProjectConfigurator - Adding resource folder /dls.coaching.aop/src/main/resources
2017-04-06 22:54:59,451 [Worker-17] INFO  o.e.m.j.i.AbstractJavaProjectConfigurator - Adding source folder /dls.coaching.aop/src/test/java
2017-04-06 22:54:59,452 [Worker-17] INFO  o.e.m.j.i.AbstractJavaProjectConfigurator - Adding resource folder /dls.coaching.aop/src/test/resources
2017-04-06 22:54:59,901 [Worker-23] WARN  o.e.m.c.i.embedder.EclipseLogger - Using platform encoding (Cp1252 actually) to copy filtered resources, i.e. build is platform dependent!
2017-04-06 22:54:59,917 [Worker-23] INFO  o.e.m.c.i.embedder.EclipseLogger - Copying 0 resource
2017-04-06 22:54:59,922 [Worker-23] WARN  o.e.m.c.i.embedder.EclipseLogger - Using platform encoding (Cp1252 actually) to copy filtered resources, i.e. build is platform dependent!
2017-04-06 22:54:59,938 [Worker-23] INFO  o.e.m.c.i.embedder.EclipseLogger - Copying 0 resource
2017-04-06 22:55:38,978 [Worker-23] INFO  o.e.m.c.i.l.LifecycleMappingFactory - Using org.eclipse.m2e.jdt.JarLifecycleMapping lifecycle mapping for MavenProject: com.dls.coaching.security:dls.coaching.security:0.0.1-SNAPSHOT @ E:\master\series\dls.coaching.security\pom.xml.
2017-04-06 22:55:39,291 [Worker-23] INFO  o.e.m.j.i.AbstractJavaProjectConfigurator - Adding source folder /dls.coaching.security/src/main/java
2017-04-06 22:55:39,292 [Worker-23] INFO  o.e.m.j.i.AbstractJavaProjectConfigurator - Adding resource folder /dls.coaching.security/src/main/resources
2017-04-06 22:55:39,293 [Worker-23] INFO  o.e.m.j.i.AbstractJavaProjectConfigurator - Adding source folder /dls.coaching.security/src/test/java
2017-04-06 22:55:39,294 [Worker-23] INFO  o.e.m.j.i.AbstractJavaProjectConfigurator - Adding resource folder /dls.coaching.security/src/test/resources
2017-04-06 22:55:39,728 [Worker-23] WARN  o.e.m.c.i.embedder.EclipseLogger - Using platform encoding (Cp1252 actually) to copy filtered resources, i.e. build is platform dependent!
2017-04-06 22:55:39,745 [Worker-23] INFO  o.e.m.c.i.embedder.EclipseLogger - Copying 0 resource
2017-04-06 22:55:39,748 [Worker-23] WARN  o.e.m.c.i.embedder.EclipseLogger - Using platform encoding (Cp1252 actually) to copy filtered resources, i.e. build is platform dependent!
2017-04-06 22:55:39,764 [Worker-23] INFO  o.e.m.c.i.embedder.EclipseLogger - Copying 0 resource
2017-04-06 22:56:21,899 [Worker-22] INFO  o.e.m.c.i.l.LifecycleMappingFactory - Using org.eclipse.m2e.jdt.JarLifecycleMapping lifecycle mapping for MavenProject: com.dls.coaching.service:dls.coaching.service:0.0.1-SNAPSHOT @ E:\master\series\dls.coaching.service\pom.xml.
2017-04-06 22:56:22,217 [Worker-22] INFO  o.e.m.j.i.AbstractJavaProjectConfigurator - Adding source folder /dls.coaching.service/src/main/java
2017-04-06 22:56:22,218 [Worker-22] INFO  o.e.m.j.i.AbstractJavaProjectConfigurator - Adding resource folder /dls.coaching.service/src/main/resources
2017-04-06 22:56:22,219 [Worker-22] INFO  o.e.m.j.i.AbstractJavaProjectConfigurator - Adding source folder /dls.coaching.service/src/test/java
2017-04-06 22:56:22,220 [Worker-22] INFO  o.e.m.j.i.AbstractJavaProjectConfigurator - Adding resource folder /dls.coaching.service/src/test/resources
2017-04-06 22:56:22,627 [Worker-17] WARN  o.e.m.c.i.embedder.EclipseLogger - Using platform encoding (Cp1252 actually) to copy filtered resources, i.e. build is platform dependent!
2017-04-06 22:56:22,641 [Worker-17] INFO  o.e.m.c.i.embedder.EclipseLogger - Copying 0 resource
2017-04-06 22:56:22,644 [Worker-17] WARN  o.e.m.c.i.embedder.EclipseLogger - Using platform encoding (Cp1252 actually) to copy filtered resources, i.e. build is platform dependent!
2017-04-06 22:56:22,657 [Worker-17] INFO  o.e.m.c.i.embedder.EclipseLogger - Copying 0 resource
2017-04-06 22:57:01,085 [Worker-17] INFO  o.e.m.c.i.l.LifecycleMappingFactory - Using org.eclipse.m2e.jdt.JarLifecycleMapping lifecycle mapping for MavenProject: com.dls.coaching.dao:dls.coaching.dao:0.0.1-SNAPSHOT @ E:\master\series\dls.coaching.dao\pom.xml.
2017-04-06 22:57:01,437 [Worker-17] INFO  o.e.m.j.i.AbstractJavaProjectConfigurator - Adding source folder /dls.coaching.dao/src/main/java
2017-04-06 22:57:01,437 [Worker-17] INFO  o.e.m.j.i.AbstractJavaProjectConfigurator - Adding resource folder /dls.coaching.dao/src/main/resources
2017-04-06 22:57:01,439 [Worker-17] INFO  o.e.m.j.i.AbstractJavaProjectConfigurator - Adding source folder /dls.coaching.dao/src/test/java
2017-04-06 22:57:01,439 [Worker-17] INFO  o.e.m.j.i.AbstractJavaProjectConfigurator - Adding resource folder /dls.coaching.dao/src/test/resources
2017-04-06 22:57:01,919 [Worker-22] WARN  o.e.m.c.i.embedder.EclipseLogger - Using platform encoding (Cp1252 actually) to copy filtered resources, i.e. build is platform dependent!
2017-04-06 22:57:01,947 [Worker-22] INFO  o.e.m.c.i.embedder.EclipseLogger - Copying 0 resource
2017-04-06 22:57:01,950 [Worker-22] WARN  o.e.m.c.i.embedder.EclipseLogger - Using platform encoding (Cp1252 actually) to copy filtered resources, i.e. build is platform dependent!
2017-04-06 22:57:01,967 [Worker-22] INFO  o.e.m.c.i.embedder.EclipseLogger - Copying 0 resource
